Дата и время: 2026-06-27 13:52:18.656063
Имя функции: hello_world
Аргументы: args=(), kwargs={}
Результат: Hello World
--------------------------------------------------
Дата и время: 2026-06-27 13:52:18.656063
Имя функции: summator
Аргументы: args=(2, 2), kwargs={}
Результат: 4
--------------------------------------------------
Дата и время: 2026-06-27 13:52:18.656063
Имя функции: div
Аргументы: args=(6, 2), kwargs={}
Результат: 3.0
--------------------------------------------------
Дата и время: 2026-06-27 13:52:18.656063
Имя функции: summator
Аргументы: args=(4.3,), kwargs={'b': 2.2}
Результат: 6.5
--------------------------------------------------
